<?xml version="1.0" encoding="UTF-8"?>
<testng-results ignored="0" total="1" passed="1" failed="0" skipped="0">
  <reporter-output>
  </reporter-output>
  <suite started-at="2024-12-29T16:02:35 IST" name="Default suite" finished-at="2024-12-29T16:03:24 IST" duration-ms="49040">
    <groups>
    </groups>
    <test started-at="2024-12-29T16:02:35 IST" name="Default test" finished-at="2024-12-29T16:03:24 IST" duration-ms="49040">
      <class name="com.nixonex.tests.CompleteTest">
        <test-method is-config="true" signature="setup()[pri:0, instance:com.nixonex.tests.CompleteTest@694abbdc]" started-at="2024-12-29T16:02:35 IST" name="setup" finished-at="2024-12-29T16:02:50 IST" duration-ms="14469" status="PASS">
          <reporter-output>
          </reporter-output>
        </test-method> <!-- setup -->
        <test-method signature="testCompleteWorkflow()[pri:0, instance:com.nixonex.tests.CompleteTest@694abbdc]" started-at="2024-12-29T16:02:50 IST" name="testCompleteWorkflow" finished-at="2024-12-29T16:03:23 IST" duration-ms="33149" status="PASS">
          <reporter-output>
          </reporter-output>
        </test-method> <!-- testCompleteWorkflow -->
        <test-method is-config="true" signature="tearDown()[pri:0, instance:com.nixonex.tests.CompleteTest@694abbdc]" started-at="2024-12-29T16:03:23 IST" name="tearDown" finished-at="2024-12-29T16:03:24 IST" duration-ms="1350" status="PASS">
          <reporter-output>
          </reporter-output>
        </test-method> <!-- tearDown -->
      </class> <!-- com.nixonex.tests.CompleteTest -->
    </test> <!-- Default test -->
  </suite> <!-- Default suite -->
</testng-results>
